<?xml version="1.0" encoding="UTF-8"?>
<!-- Generated by org.testng.reporters.JUnitReportReporter -->
<testsuite hostname="LAPTOP-6I2ERQM6" failures="0" tests="3" name="verification.VerifyTheActiTimeProject" time="37.129" errors="0" timestamp="2023-12-29T15:09:45 IST" skipped="0">
  <testcase classname="verification.VerifyTheActiTimeProject" name="ToVerifyTheTask" time="9.722"/>
  <system-out/>
  <testcase classname="verification.VerifyTheActiTimeProject" name="ToVerifyTheTask" time="12.302"/>
  <system-out/>
  <testcase classname="verification.VerifyTheActiTimeProject" name="ToVerifyTheReports" time="15.105"/>
  <system-out/>
</testsuite> <!-- verification.VerifyTheActiTimeProject -->
