<?xml version="1.0" encoding="UTF-8"?>
<!-- Generated by org.testng.reporters.JUnitReportReporter -->
<testsuite hostname="LAPTOP-6I2ERQM6" failures="0" tests="5" name="verification.DemoPractise" time="2.025" errors="0" timestamp="2023-12-27T17:38:20 IST" skipped="1">
  <testcase classname="verification.DemoPractise" name="testA" time="2.022"/>
  <system-out/>
  <testcase classname="verification.DemoPractise" name="testB" time="0.001"/>
  <system-out/>
  <testcase classname="verification.DemoPractise" name="testB" time="0.001"/>
  <system-out/>
  <testcase classname="verification.DemoPractise" name="testC" time="0.001"/>
  <system-out/>
  <testcase classname="verification.DemoPractise" name="testD">
    <skipped/>
  </testcase> <!-- testD -->
  <system-out/>
</testsuite> <!-- verification.DemoPractise -->
